<?xml version="1.0" encoding="UTF-8"?>
<testsuite xmlns:xsi="http://www.w3.org/2001/XMLSchema-instance" xsi:noNamespaceSchemaLocation="https://maven.apache.org/surefire/maven-surefire-plugin/xsd/surefire-test-report.xsd" name="com.rabbiter.em.service.RecommendationServiceTest" time="0.013" tests="2" errors="0" skipped="0" failures="0">
  <properties>
[...]
</properties>
  <testcase name="testRecommend_WithNoInteractions_ReturnsTopSellingGoods" classname="com.rabbiter.em.service.RecommendationServiceTest" time="0.005"/>
  <testcase name="testRecommend_WithInteractions_ReturnsTopSellingGoods_WhenCF4JNotConfigured" classname="com.rabbiter.em.service.RecommendationServiceTest" time="0.007"/>
</testsuite>